-------------------------------------------------------------------------------
Test set: com.mycompany.restguessinggame.dao.RoundDaoDBTest
-------------------------------------------------------------------------------
Tests run: 1, Failures: 1, Errors: 0, Skipped: 0, Time elapsed: 0.032 s <<< FAILURE! - in com.mycompany.restguessinggame.dao.RoundDaoDBTest
testForAddRoundAndGetAllRoundsForGame  Time elapsed: 0.032 s  <<< FAILURE!
java.lang.AssertionError
	at com.mycompany.restguessinggame.dao.RoundDaoDBTest.testForAddRoundAndGetAllRoundsForGame(RoundDaoDBTest.java:93)

